<?xml version="1.0" encoding="UTF-8"?>
<testng-results ignored="0" total="1" passed="1" failed="0" skipped="0">
  <reporter-output>
  </reporter-output>
  <suite started-at="2022-08-03T21:25:38 AST" name="Default suite" finished-at="2022-08-03T21:26:07 AST" duration-ms="29641">
    <groups>
    </groups>
    <test started-at="2022-08-03T21:25:38 AST" name="Default test" finished-at="2022-08-03T21:26:07 AST" duration-ms="29641">
      <class name="ass2W9D4.ChromeWebDriverAss2W9D4">
        <test-method is-config="true" signature="setUp()[pri:0, instance:ass2W9D4.ChromeWebDriverAss2W9D4@60dcc9fe]" started-at="2022-08-03T21:25:38 AST" name="setUp" finished-at="2022-08-03T21:25:53 AST" duration-ms="15649" status="PASS">
          <reporter-output>
          </reporter-output>
        </test-method> <!-- setUp -->
        <test-method signature="LearnEnglishWebSite()[pri:0, instance:ass2W9D4.ChromeWebDriverAss2W9D4@60dcc9fe]" started-at="2022-08-03T21:25:53 AST" name="LearnEnglishWebSite" finished-at="2022-08-03T21:26:07 AST" duration-ms="13514" status="PASS">
          <reporter-output>
          </reporter-output>
        </test-method> <!-- LearnEnglishWebSite -->
        <test-method is-config="true" signature="terminateBrowser()[pri:0, instance:ass2W9D4.ChromeWebDriverAss2W9D4@60dcc9fe]" started-at="2022-08-03T21:26:07 AST" name="terminateBrowser" finished-at="2022-08-03T21:26:07 AST" duration-ms="437" status="PASS">
          <reporter-output>
          </reporter-output>
        </test-method> <!-- terminateBrowser -->
      </class> <!-- ass2W9D4.ChromeWebDriverAss2W9D4 -->
    </test> <!-- Default test -->
  </suite> <!-- Default suite -->
</testng-results>
